15:16:36 INFO  : Launching XSDB server: xsdb.bat -interactive H:\CES\project_2\project_2.sdk\temp_xsdb_launch_script.tcl
15:16:38 INFO  : XSDB server has started successfully.
15:16:40 INFO  : Processing command line option -hwspec H:/CES/project_2/project_2.sdk/design_2_wrapper.hdf.
15:36:00 INFO  : Connected to target on host '127.0.0.1' and port '3121'.
15:36:01 INFO  : 'targets -set -filter {jtag_cable_name =~ "Digilent Zed 210248492445" && level==0} -index 1' command is executed.
15:36:03 INFO  : FPGA configured successfully with bitstream "H:/CES/project_2/project_2.sdk/design_2_wrapper_hw_platform_0/design_2_wrapper.bit"
15:36:16 INFO  : 'targets -set -filter {jtag_cable_name =~ "Digilent Zed 210248492445" && level==0} -index 1' command is executed.
15:36:16 INFO  : 'fpga -state' command is executed.
15:36:16 INFO  : Connected to target on host '127.0.0.1' and port '3121'.
15:36:17 INFO  : Jtag cable 'Digilent Zed 210248492445' is selected.
15:36:17 INFO  : 'jtag frequency' command is executed.
15:36:17 INFO  : Sourcing of 'H:/CES/project_2/project_2.sdk/design_2_wrapper_hw_platform_0/ps7_init.tcl' is done.
15:36:17 INFO  : 'targets -set -filter {name =~"APU" && jtag_cable_name =~ "Digilent Zed 210248492445"} -index 0' command is executed.
15:36:17 INFO  : Hardware design information is loaded from 'H:/CES/project_2/project_2.sdk/design_2_wrapper_hw_platform_0/system.hdf'.
15:36:17 INFO  : 'targets -set -filter {name =~"APU" && jtag_cable_name =~ "Digilent Zed 210248492445"} -index 0' command is executed.
15:36:17 INFO  : 'stop' command is executed.
15:36:18 INFO  : 'ps7_init' command is executed.
15:36:18 INFO  : 'ps7_post_config' command is executed.
15:36:18 INFO  : Context for processor 'ps7_cortexa9_0' is selected.
15:36:18 INFO  : Processor reset is completed for 'ps7_cortexa9_0'.
15:36:18 INFO  : Context for processor 'ps7_cortexa9_0' is selected.
15:36:18 INFO  : The application 'H:/CES/project_2/project_2.sdk/project_2/Debug/project_2.elf' is downloaded to processor 'ps7_cortexa9_0'.
15:36:18 INFO  : ----------------XSDB Script----------------
connect -url tcp:127.0.0.1:3121
source H:/CES/project_2/project_2.sdk/design_2_wrapper_hw_platform_0/ps7_init.tcl
targets -set -filter {name =~"APU" && jtag_cable_name =~ "Digilent Zed 210248492445"} -index 0
loadhw H:/CES/project_2/project_2.sdk/design_2_wrapper_hw_platform_0/system.hdf
targets -set -filter {name =~"APU" && jtag_cable_name =~ "Digilent Zed 210248492445"} -index 0
stop
ps7_init
ps7_post_config
targets -set -nocase -filter {name =~ "ARM*#0" && jtag_cable_name =~ "Digilent Zed 210248492445"} -index 0
rst -processor
targets -set -nocase -filter {name =~ "ARM*#0" && jtag_cable_name =~ "Digilent Zed 210248492445"} -index 0
dow H:/CES/project_2/project_2.sdk/project_2/Debug/project_2.elf
----------------End of Script----------------

15:36:18 INFO  : Memory regions updated for context APU
15:36:18 INFO  : Context for processor 'ps7_cortexa9_0' is selected.
15:36:18 INFO  : 'con' command is executed.
15:36:18 INFO  : ----------------XSDB Script (After Launch)----------------
targets -set -nocase -filter {name =~ "ARM*#0" && jtag_cable_name =~ "Digilent Zed 210248492445"} -index 0
con
----------------End of Script----------------

15:36:18 INFO  : Launch script is exported to file 'H:\CES\project_2\project_2.sdk\.sdk\launch_scripts\xilinx_c-c++_application_(system_debugger)\system_debugger_on_local_project_2.elf.tcl'
15:43:50 INFO  : Connected to target on host '127.0.0.1' and port '3121'.
15:43:50 INFO  : 'targets -set -filter {jtag_cable_name =~ "Digilent Zed 210248492445" && level==0} -index 1' command is executed.
15:43:52 INFO  : FPGA configured successfully with bitstream "H:/CES/project_2/project_2.sdk/design_2_wrapper_hw_platform_0/design_2_wrapper.bit"
15:44:01 INFO  : Disconnected from the channel tcfchan#1.
15:44:01 INFO  : 'targets -set -filter {jtag_cable_name =~ "Digilent Zed 210248492445" && level==0} -index 1' command is executed.
15:44:01 INFO  : 'fpga -state' command is executed.
15:44:01 INFO  : Connected to target on host '127.0.0.1' and port '3121'.
15:44:02 INFO  : Jtag cable 'Digilent Zed 210248492445' is selected.
15:44:02 INFO  : 'jtag frequency' command is executed.
15:44:02 INFO  : Sourcing of 'H:/CES/project_2/project_2.sdk/design_2_wrapper_hw_platform_0/ps7_init.tcl' is done.
15:44:02 INFO  : 'targets -set -filter {name =~"APU" && jtag_cable_name =~ "Digilent Zed 210248492445"} -index 0' command is executed.
15:44:06 INFO  : Hardware design information is loaded from 'H:/CES/project_2/project_2.sdk/design_2_wrapper_hw_platform_0/system.hdf'.
15:44:06 INFO  : 'targets -set -filter {name =~"APU" && jtag_cable_name =~ "Digilent Zed 210248492445"} -index 0' command is executed.
15:44:06 INFO  : 'stop' command is executed.
15:44:07 INFO  : 'ps7_init' command is executed.
15:44:07 INFO  : 'ps7_post_config' command is executed.
15:44:07 INFO  : Context for processor 'ps7_cortexa9_0' is selected.
15:44:07 INFO  : Processor reset is completed for 'ps7_cortexa9_0'.
15:44:07 INFO  : Context for processor 'ps7_cortexa9_0' is selected.
15:44:07 INFO  : The application 'H:/CES/project_2/project_2.sdk/project_2/Debug/project_2.elf' is downloaded to processor 'ps7_cortexa9_0'.
15:44:07 INFO  : ----------------XSDB Script----------------
connect -url tcp:127.0.0.1:3121
source H:/CES/project_2/project_2.sdk/design_2_wrapper_hw_platform_0/ps7_init.tcl
targets -set -filter {name =~"APU" && jtag_cable_name =~ "Digilent Zed 210248492445"} -index 0
loadhw H:/CES/project_2/project_2.sdk/design_2_wrapper_hw_platform_0/system.hdf
targets -set -filter {name =~"APU" && jtag_cable_name =~ "Digilent Zed 210248492445"} -index 0
stop
ps7_init
ps7_post_config
targets -set -nocase -filter {name =~ "ARM*#0" && jtag_cable_name =~ "Digilent Zed 210248492445"} -index 0
rst -processor
targets -set -nocase -filter {name =~ "ARM*#0" && jtag_cable_name =~ "Digilent Zed 210248492445"} -index 0
dow H:/CES/project_2/project_2.sdk/project_2/Debug/project_2.elf
----------------End of Script----------------

15:44:07 INFO  : Memory regions updated for context APU
15:44:07 INFO  : Context for processor 'ps7_cortexa9_0' is selected.
15:44:07 INFO  : 'con' command is executed.
15:44:07 INFO  : ----------------XSDB Script (After Launch)----------------
targets -set -nocase -filter {name =~ "ARM*#0" && jtag_cable_name =~ "Digilent Zed 210248492445"} -index 0
con
----------------End of Script----------------

15:44:07 INFO  : Launch script is exported to file 'H:\CES\project_2\project_2.sdk\.sdk\launch_scripts\xilinx_c-c++_application_(system_debugger)\system_debugger_on_local_project_2.elf.tcl'
15:59:55 INFO  : Connected to target on host '127.0.0.1' and port '3121'.
15:59:55 INFO  : 'targets -set -filter {jtag_cable_name =~ "Digilent Zed 210248492445" && level==0} -index 1' command is executed.
15:59:57 INFO  : FPGA configured successfully with bitstream "H:/CES/project_2/project_2.sdk/design_2_wrapper_hw_platform_0/design_2_wrapper.bit"
16:00:11 INFO  : Disconnected from the channel tcfchan#2.
16:00:11 INFO  : 'targets -set -filter {jtag_cable_name =~ "Digilent Zed 210248492445" && level==0} -index 1' command is executed.
16:00:11 INFO  : 'fpga -state' command is executed.
16:00:11 INFO  : Connected to target on host '127.0.0.1' and port '3121'.
16:00:12 INFO  : Jtag cable 'Digilent Zed 210248492445' is selected.
16:00:12 INFO  : 'jtag frequency' command is executed.
16:00:12 INFO  : Sourcing of 'H:/CES/project_2/project_2.sdk/design_2_wrapper_hw_platform_0/ps7_init.tcl' is done.
16:00:12 INFO  : 'targets -set -filter {name =~"APU" && jtag_cable_name =~ "Digilent Zed 210248492445"} -index 0' command is executed.
16:00:17 INFO  : Hardware design information is loaded from 'H:/CES/project_2/project_2.sdk/design_2_wrapper_hw_platform_0/system.hdf'.
16:00:17 INFO  : 'targets -set -filter {name =~"APU" && jtag_cable_name =~ "Digilent Zed 210248492445"} -index 0' command is executed.
16:00:17 INFO  : 'stop' command is executed.
16:00:18 INFO  : 'ps7_init' command is executed.
16:00:18 INFO  : 'ps7_post_config' command is executed.
16:00:18 INFO  : Context for processor 'ps7_cortexa9_0' is selected.
16:00:18 INFO  : Processor reset is completed for 'ps7_cortexa9_0'.
16:00:18 INFO  : Context for processor 'ps7_cortexa9_0' is selected.
16:00:18 INFO  : The application 'H:/CES/project_2/project_2.sdk/project_2/Debug/project_2.elf' is downloaded to processor 'ps7_cortexa9_0'.
16:00:18 INFO  : ----------------XSDB Script----------------
connect -url tcp:127.0.0.1:3121
source H:/CES/project_2/project_2.sdk/design_2_wrapper_hw_platform_0/ps7_init.tcl
targets -set -filter {name =~"APU" && jtag_cable_name =~ "Digilent Zed 210248492445"} -index 0
loadhw H:/CES/project_2/project_2.sdk/design_2_wrapper_hw_platform_0/system.hdf
targets -set -filter {name =~"APU" && jtag_cable_name =~ "Digilent Zed 210248492445"} -index 0
stop
ps7_init
ps7_post_config
targets -set -nocase -filter {name =~ "ARM*#0" && jtag_cable_name =~ "Digilent Zed 210248492445"} -index 0
rst -processor
targets -set -nocase -filter {name =~ "ARM*#0" && jtag_cable_name =~ "Digilent Zed 210248492445"} -index 0
dow H:/CES/project_2/project_2.sdk/project_2/Debug/project_2.elf
----------------End of Script----------------

16:00:18 INFO  : Memory regions updated for context APU
16:00:18 INFO  : Context for processor 'ps7_cortexa9_0' is selected.
16:00:18 INFO  : 'con' command is executed.
16:00:18 INFO  : ----------------XSDB Script (After Launch)----------------
targets -set -nocase -filter {name =~ "ARM*#0" && jtag_cable_name =~ "Digilent Zed 210248492445"} -index 0
con
----------------End of Script----------------

16:00:18 INFO  : Launch script is exported to file 'H:\CES\project_2\project_2.sdk\.sdk\launch_scripts\xilinx_c-c++_application_(system_debugger)\system_debugger_on_local_project_2.elf.tcl'
16:02:26 INFO  : Disconnected from the channel tcfchan#3.
16:02:26 INFO  : 'targets -set -filter {jtag_cable_name =~ "Digilent Zed 210248492445" && level==0} -index 1' command is executed.
16:02:26 INFO  : 'fpga -state' command is executed.
16:02:26 INFO  : Connected to target on host '127.0.0.1' and port '3121'.
16:02:27 INFO  : Jtag cable 'Digilent Zed 210248492445' is selected.
16:02:27 INFO  : 'jtag frequency' command is executed.
16:02:27 INFO  : Sourcing of 'H:/CES/project_2/project_2.sdk/design_2_wrapper_hw_platform_0/ps7_init.tcl' is done.
16:02:27 INFO  : 'targets -set -filter {name =~"APU" && jtag_cable_name =~ "Digilent Zed 210248492445"} -index 0' command is executed.
16:02:31 INFO  : Hardware design information is loaded from 'H:/CES/project_2/project_2.sdk/design_2_wrapper_hw_platform_0/system.hdf'.
16:02:31 INFO  : 'targets -set -filter {name =~"APU" && jtag_cable_name =~ "Digilent Zed 210248492445"} -index 0' command is executed.
16:02:31 INFO  : 'stop' command is executed.
16:02:32 INFO  : 'ps7_init' command is executed.
16:02:32 INFO  : 'ps7_post_config' command is executed.
16:02:32 INFO  : Context for processor 'ps7_cortexa9_0' is selected.
16:02:32 INFO  : Processor reset is completed for 'ps7_cortexa9_0'.
16:02:32 INFO  : Context for processor 'ps7_cortexa9_0' is selected.
16:02:32 INFO  : The application 'H:/CES/project_2/project_2.sdk/project_2/Debug/project_2.elf' is downloaded to processor 'ps7_cortexa9_0'.
16:02:32 INFO  : ----------------XSDB Script----------------
connect -url tcp:127.0.0.1:3121
source H:/CES/project_2/project_2.sdk/design_2_wrapper_hw_platform_0/ps7_init.tcl
targets -set -filter {name =~"APU" && jtag_cable_name =~ "Digilent Zed 210248492445"} -index 0
loadhw H:/CES/project_2/project_2.sdk/design_2_wrapper_hw_platform_0/system.hdf
targets -set -filter {name =~"APU" && jtag_cable_name =~ "Digilent Zed 210248492445"} -index 0
stop
ps7_init
ps7_post_config
targets -set -nocase -filter {name =~ "ARM*#0" && jtag_cable_name =~ "Digilent Zed 210248492445"} -index 0
rst -processor
targets -set -nocase -filter {name =~ "ARM*#0" && jtag_cable_name =~ "Digilent Zed 210248492445"} -index 0
dow H:/CES/project_2/project_2.sdk/project_2/Debug/project_2.elf
----------------End of Script----------------

16:02:32 INFO  : Memory regions updated for context APU
16:02:33 INFO  : Context for processor 'ps7_cortexa9_0' is selected.
16:02:33 INFO  : 'con' command is executed.
16:02:33 INFO  : ----------------XSDB Script (After Launch)----------------
targets -set -nocase -filter {name =~ "ARM*#0" && jtag_cable_name =~ "Digilent Zed 210248492445"} -index 0
con
----------------End of Script----------------

16:02:33 INFO  : Launch script is exported to file 'H:\CES\project_2\project_2.sdk\.sdk\launch_scripts\xilinx_c-c++_application_(system_debugger)\system_debugger_on_local_project_2.elf.tcl'
16:31:53 INFO  : Disconnected from the channel tcfchan#4.
